[ 2016-04-26T16:12:35+08:00 ] ERR: (ThinkException) 无法加载模块:Index
[ 2016-04-26T16:12:50+08:00 ] 127.0.0.1 /index.php?g=app
INFO: [ app_begin ] --START--
INFO: Run ReadHtmlCache Behavior [ RunTime:0.000358s ]
INFO: [ app_begin ] --END-- [ RunTime:0.000405s ]
INFO: [ view_parse ] --START--
INFO: Run ParseTemplate Behavior [ RunTime:-0.001077s ]
INFO: [ view_parse ] --END-- [ RunTime:0.004966s ]
INFO: [ view_filter ] --START--
INFO: Run ContentReplace Behavior [ RunTime:-0.006058s ]
INFO: Run TokenBuild Behavior [ RunTime:-0.006481s ]
INFO: Run WriteHtmlCache Behavior [ RunTime:-0.006932s ]
INFO: Run ShowRuntime Behavior [ RunTime:-0.007335s ]
INFO: [ view_filter ] --END-- [ RunTime:0.001761s ]
INFO: [ view_end ] --START--
INFO: Run ShowPageTrace Behavior [ RunTime:-0.007849s ]
INFO: [ view_end ] --END-- [ RunTime:0.000501s ]

[ 2016-04-26T16:19:28+08:00 ] 127.0.0.1 /index.php?g=app
INFO: [ app_begin ] --START--
INFO: Run ReadHtmlCache Behavior [ RunTime:0.000521s ]
INFO: [ app_begin ] --END-- [ RunTime:0.000570s ]
INFO: [ view_parse ] --START--
INFO: Run ParseTemplate Behavior [ RunTime:-0.001093s ]
INFO: [ view_parse ] --END-- [ RunTime:0.004563s ]
INFO: [ view_filter ] --START--
INFO: Run ContentReplace Behavior [ RunTime:-0.005668s ]
INFO: Run TokenBuild Behavior [ RunTime:-0.006063s ]
INFO: Run WriteHtmlCache Behavior [ RunTime:-0.006448s ]
INFO: Run ShowRuntime Behavior [ RunTime:-0.006795s ]
INFO: [ view_filter ] --END-- [ RunTime:0.001555s ]
INFO: [ view_end ] --START--
INFO: Run ShowPageTrace Behavior [ RunTime:-0.007254s ]
INFO: [ view_end ] --END-- [ RunTime:0.000490s ]

[ 2016-04-26T16:35:14+08:00 ] ERR: (ThinkException) 无法加载模块:Index
[ 2016-04-26T16:36:51+08:00 ] ERR: (ThinkException) Access denied for user 'root'@'localhost' (using password: NO)
[ 2016-04-26T16:36:52+08:00 ] ERR: (ThinkException) Access denied for user 'root'@'localhost' (using password: NO)
[ 2016-04-26T16:40:36+08:00 ] ERR: (ThinkException) Model:setting_cache您所请求的方法不存在！
[ 2016-04-26T16:46:03+08:00 ] ERR: (ThinkException) Action:json_echo您所请求的方法不存在！
